\BOOKMARK [0][-]{chapter.1}{\376\377\000I\000n\000t\000r\000o\000d\000u\000c\000t\000i\000o\000n}{}% 1
\BOOKMARK [1][-]{section.1.1}{\376\377\000C\000h\000o\000i\000x\000\040\000d\000u\000\040\000s\000u\000j\000e\000t}{chapter.1}% 2
\BOOKMARK [1][-]{section.1.2}{\376\377\000A\000r\000c\000h\000i\000t\000e\000c\000t\000u\000r\000e\000\040\000g\000\351\000n\000\351\000r\000a\000l\000e}{chapter.1}% 3
\BOOKMARK [0][-]{chapter.2}{\376\377\000D\000e\000s\000c\000r\000i\000p\000t\000i\000o\000n\000\040\000d\000e\000s\000\040\000m\000o\000d\000u\000l\000e\000s}{}% 4
\BOOKMARK [1][-]{section.2.1}{\376\377\000M\000o\000d\000u\000l\000e\000\040\000p\000r\000i\000n\000c\000i\000p\000a\000l\000\040\000\050\000m\000a\000i\000n\000.\000p\000y\000\051}{chapter.2}% 5
\BOOKMARK [1][-]{section.2.2}{\376\377\000M\000o\000d\000u\000l\000e\000\040\000d\000e\000\040\000c\000r\000a\000w\000l\000e\000r\000\040\000\050\000c\000r\000a\000w\000l\000e\000r\000.\000p\000y\000\051}{chapter.2}% 6
\BOOKMARK [1][-]{section.2.3}{\376\377\000M\000o\000d\000u\000l\000e\000\040\000d\000'\000e\000x\000t\000r\000a\000c\000t\000i\000o\000n\000\040\000\050\000f\000i\000l\000m\000\137\000p\000a\000r\000s\000e\000r\000.\000p\000y\000\051}{chapter.2}% 7
\BOOKMARK [1][-]{section.2.4}{\376\377\000M\000o\000d\000u\000l\000e\000\040\000d\000e\000\040\000b\000a\000s\000e\000\040\000d\000e\000\040\000d\000o\000n\000n\000\351\000e\000s\000\040\000S\000Q\000L\000\040\000\050\000d\000a\000t\000a\000b\000a\000s\000e\000.\000p\000y\000\051}{chapter.2}% 8
\BOOKMARK [1][-]{section.2.5}{\376\377\000M\000o\000d\000u\000l\000e\000\040\000d\000e\000\040\000r\000e\000t\000r\000i\000e\000v\000e\000r\000\040\000\050\000r\000e\000t\000r\000i\000e\000v\000e\000r\000.\000p\000y\000\051}{chapter.2}% 9
\BOOKMARK [1][-]{section.2.6}{\376\377\000M\000o\000d\000u\000l\000e\000\040\000d\000e\000\040\000g\000\351\000n\000\351\000r\000a\000t\000i\000o\000n\000\040\000\050\000g\000e\000n\000e\000r\000a\000t\000o\000r\000.\000p\000y\000\051}{chapter.2}% 10
\BOOKMARK [2][-]{subsection.2.6.1}{\376\377\000M\000o\000d\000\350\000l\000e\000\040\000d\000e\000\040\000g\000\351\000n\000\351\000r\000a\000t\000i\000o\000n}{section.2.6}% 11
\BOOKMARK [2][-]{subsection.2.6.2}{\376\377\000P\000r\000o\000m\000p\000t\000\040\000s\000y\000s\000t\000\350\000m\000e}{section.2.6}% 12
\BOOKMARK [2][-]{subsection.2.6.3}{\376\377\000A\000d\000a\000p\000t\000i\000v\000e\000\040\000R\000A\000G}{section.2.6}% 13
\BOOKMARK [1][-]{section.2.7}{\376\377\000A\000p\000p\000l\000i\000c\000a\000t\000i\000o\000n\000\040\000S\000t\000r\000e\000a\000m\000l\000i\000t\000\040\000\050\000a\000p\000p\000.\000p\000y\000\051}{chapter.2}% 14
\BOOKMARK [1][-]{section.2.8}{\376\377\000S\000y\000n\000t\000h\000\350\000s\000e\000\040\000d\000e\000s\000\040\000c\000h\000o\000i\000x\000\040\000d\000e\000\040\000c\000o\000n\000c\000e\000p\000t\000i\000o\000n}{chapter.2}% 15
\BOOKMARK [0][-]{chapter.3}{\376\377\000\311\000v\000a\000l\000u\000a\000t\000i\000o\000n}{}% 16
\BOOKMARK [1][-]{section.3.1}{\376\377\000M\000\351\000t\000r\000o\000l\000o\000g\000i\000e}{chapter.3}% 17
\BOOKMARK [1][-]{section.3.2}{\376\377\000R\000\351\000s\000u\000l\000t\000a\000t\000s}{chapter.3}% 18
\BOOKMARK [0][-]{chapter.4}{\376\377\000C\000o\000n\000c\000l\000u\000s\000i\000o\000n}{}% 19
\BOOKMARK [0][-]{chapter.5}{\376\377\000A\000n\000n\000e\000x\000e\000s}{}% 20
